-------------------------------------------------------------------------------
Test set: TestSuite
-------------------------------------------------------------------------------
Tests run: 6, Failures: 1, Errors: 0, Skipped: 0, Time elapsed: 31.739 s <<< FAILURE! - in TestSuite
Academy.ValidateTitleTest.validateAppTitle  Time elapsed: 0.032 s  <<< FAILURE!
java.lang.AssertionError: expected [FEATURED123COURSES] but found [FEATURED COURSES]
	at Academy.ValidateTitleTest.validateAppTitle(ValidateTitleTest.java:41)

