<?xml version="1.0" encoding="UTF-8"?>
<testsuite xmlns:xsi="http://www.w3.org/2001/XMLSchema-instance" xsi:noNamespaceSchemaLocation="https://maven.apache.org/surefire/maven-surefire-plugin/xsd/surefire-test-report-3.0.xsd" version="3.0" name="TestSuite" time="31.739" tests="6" errors="0" skipped="0" failures="1">
  <properties>
[...]
</properties>
  <testcase name="shouldAnswerWithTrue" classname="Academy.AppTest" time="0.007">
    <system-out><![CDATA[chrome
]]></system-out>
  </testcase>
  <testcase name="validateAppTitle" classname="Academy.ValidateTitleTest" time="0.032">
    <failure message="expected [FEATURED123COURSES] but found [FEATURED COURSES]" type="java.lang.AssertionError"><![CDATA[java.lang.AssertionError: expected [FEATURED123COURSES] but found [FEATURED COURSES]
	at Academy.ValidateTitleTest.validateAppTitle(ValidateTitleTest.java:41)
]]></failure>
    <system-out><![CDATA[chrome
chrome
]]></system-out>
    <system-err><![CDATA[StaSSrtttairatnrigtn iCgn hgCr hormCohemDrreoDimvreeiDvrr ei9rv3 e9.r03 9..340..05.47455777.776..66333   (((ffffff555ccc000dddaaa222eeeccc00aa0dadeedaaeeeaded5d5555555005e0ee666cc7c7e7ee99898844141717d7dadaaccc777777dd9d98988aa-a--rrerefefsfs/s/b/brbarranacnnchchh--h-heehaadedsas//d44s557/7747@5{@#{71#711@{1#3151}3)5 }o)n p 3oo5rn}t)   p1oo4nr7t 1 p22o
1O4rn3tl 2y3 
8lO7on3cla
yOl n llcooycn anlloe ccctaoilno ncneosc natnreiceo tnaislo lnaosrw eae dre.a 
lPlalolewlaeoswdee .ds
.ePe
lP elhatesatespes  :ss/ee/ece h hrhtottmtpepssd:r:/i///vcechhrr.rocomhmereddorrmiiivuevrme.r.c.ohcrrhgor/msoiemucimu.umor.riogtr/ygs-/ecscounresiictudyer-rictaotyni-socinodnse srfioadret riasoutnisgg ofneossrt  ifsoourgn gsse uogsngte ikosnetsei pooinnsn g ko enCe hpkrieonemgpe iDCrnhigr oveCmerhr DsoramifeveDer.r
i vCshearrf oems.ae
DfCreh.irv
oeCmrher owDmaresi Dvrseitrva retrw aewsad s ss tusatcractreetsdse dfs uulsclucyce.cs
essfsuflluyl.l
y.
Sep 24, 2021 5:37:24 PM org.openqa.selenium.remote.ProtocolHandshake createSession
INFO: Detected dialect: W3C
Sep 24, 2021 5:37:24 PM org.openqa.selenium.remote.ProtocolHandshake createSession
INFO: Detected dialect: W3C
]]></system-err>
  </testcase>
  <testcase name="validateHeader" classname="Academy.ValidateTitleTest" time="0.152"/>
  <testcase name="ValidateAppNavigation" classname="Academy.ValidateNavigationBarTest" time="0.079">
    <system-err><![CDATA[Sep 24, 2021 5:37:33 PM org.openqa.selenium.remote.ProtocolHandshake createSession
INFO: Detected dialect: W3C
]]></system-err>
  </testcase>
  <testcase name="basePageNavigation[nonrestricteduser@cw.com, 123456, non restricted user](1)" classname="Academy.HomePageTest" time="8.054"/>
  <testcase name="basePageNavigation[restricteduser@cw.com, 123123, restricted user](2)" classname="Academy.HomePageTest" time="3.889"/>
</testsuite>