<?xml version="1.0" encoding="UTF-8"?>
<testng-results ignored="0" total="2" passed="2" failed="0" skipped="0">
  <reporter-output>
  </reporter-output>
  <suite started-at="2021-09-22T16:24:56 GMT-07:00" name="Default suite" finished-at="2021-09-22T16:25:19 GMT-07:00" duration-ms="23225">
    <groups>
    </groups>
    <test started-at="2021-09-22T16:24:56 GMT-07:00" name="Default test" finished-at="2021-09-22T16:25:19 GMT-07:00" duration-ms="23225">
      <class name="Academy.HomePageTest">
        <test-method is-config="true" signature="initialise()[pri:0, instance:Academy.HomePageTest@407a7f2a]" started-at="2021-09-22T16:24:56 GMT-07:00" name="initialise" finished-at="2021-09-22T16:24:58 GMT-07:00" duration-ms="2572" status="PASS">
          <reporter-output>
          </reporter-output>
        </test-method> <!-- initialise -->
        <test-method signature="basePageNavigation(java.lang.String,java.lang.String,java.lang.String)[pri:0, instance:Academy.HomePageTest@407a7f2a]" started-at="2021-09-22T16:24:59 GMT-07:00" name="basePageNavigation" data-provider="getData" finished-at="2021-09-22T16:25:15 GMT-07:00" duration-ms="16611" status="PASS">
          <params>
            <param index="0">
              <value>
                <![CDATA[nonrestricteduser@cw.com]]>
              </value>
            </param>
            <param index="1">
              <value>
                <![CDATA[123456]]>
              </value>
            </param>
            <param index="2">
              <value>
                <![CDATA[non restricted user]]>
              </value>
            </param>
          </params>
          <reporter-output>
          </reporter-output>
        </test-method> <!-- basePageNavigation -->
        <test-method signature="basePageNavigation(java.lang.String,java.lang.String,java.lang.String)[pri:0, instance:Academy.HomePageTest@407a7f2a]" started-at="2021-09-22T16:25:15 GMT-07:00" name="basePageNavigation" data-provider="getData" finished-at="2021-09-22T16:25:19 GMT-07:00" duration-ms="3904" status="PASS">
          <params>
            <param index="0">
              <value>
                <![CDATA[restricteduser@cw.com]]>
              </value>
            </param>
            <param index="1">
              <value>
                <![CDATA[123123]]>
              </value>
            </param>
            <param index="2">
              <value>
                <![CDATA[restricted user]]>
              </value>
            </param>
          </params>
          <reporter-output>
          </reporter-output>
        </test-method> <!-- basePageNavigation -->
        <test-method is-config="true" signature="teardown()[pri:0, instance:Academy.HomePageTest@407a7f2a]" started-at="2021-09-22T16:25:19 GMT-07:00" name="teardown" finished-at="2021-09-22T16:25:19 GMT-07:00" duration-ms="93" status="PASS">
          <reporter-output>
          </reporter-output>
        </test-method> <!-- teardown -->
      </class> <!-- Academy.HomePageTest -->
    </test> <!-- Default test -->
  </suite> <!-- Default suite -->
</testng-results>
